TN:
SF:src/feed/PriceFeed.sol
FN:12,PriceFeed.
FNDA:17,PriceFeed.
DA:13,6
FN:16,PriceFeed.initialize
FNDA:22,PriceFeed.initialize
DA:17,22
DA:18,22
DA:20,22
FN:24,PriceFeed._authorizeUpgrade
FNDA:0,PriceFeed._authorizeUpgrade
FN:26,PriceFeed.getStEthToEthPrice
FNDA:0,PriceFeed.getStEthToEthPrice
DA:27,4
DA:28,4
BRDA:28,0,0,-
BRDA:28,0,1,4
DA:29,4
BRDA:29,1,0,-
BRDA:29,1,1,4
DA:30,4
BRDA:30,2,0,-
BRDA:30,2,1,4
DA:31,4
FN:34,PriceFeed.getRate
FNDA:4,PriceFeed.getRate
DA:35,4
DA:37,4
DA:39,4
DA:40,4
BRDA:40,3,0,-
BRDA:40,3,1,1
DA:41,1
DA:43,3
DA:46,4
FNF:5
FNH:3
LF:16
LH:16
BRF:8
BRH:4
end_of_record
TN:
SF:src/xERC20/contracts/XERC20.sol
FN:50,XERC20.__XERC20_init
FNDA:48,XERC20.__XERC20_init
DA:54,48
DA:55,48
DA:57,48
DA:59,48
DA:60,48
FN:69,XERC20.mint
FNDA:2079,XERC20.mint
DA:70,2079
FN:79,XERC20.burn
FNDA:1559,XERC20.burn
DA:80,1559
BRDA:80,0,0,261
DA:81,261
DA:84,1559
FN:92,XERC20.setLockbox
FNDA:544,XERC20.setLockbox
DA:93,544
DA:94,544
DA:96,544
FN:106,XERC20.setLimits
FNDA:4681,XERC20.setLimits
DA:107,4681
DA:108,4681
DA:109,4681
FN:118,XERC20.mintingMaxLimitOf
FNDA:2077,XERC20.mintingMaxLimitOf
DA:119,2077
FN:128,XERC20.burningMaxLimitOf
FNDA:2077,XERC20.burningMaxLimitOf
DA:129,2077
FN:138,XERC20.mintingCurrentLimitOf
FNDA:1040,XERC20.mintingCurrentLimitOf
DA:139,9619
FN:153,XERC20.burningCurrentLimitOf
FNDA:1040,XERC20.burningCurrentLimitOf
DA:154,8581
FN:167,XERC20._useMinterLimits
FNDA:1819,XERC20._useMinterLimits
DA:168,1819
DA:169,1819
DA:170,1819
FN:178,XERC20._useBurnerLimits
FNDA:1301,XERC20._useBurnerLimits
DA:179,1301
DA:180,1301
DA:181,1301
FN:190,XERC20._changeMinterLimit
FNDA:4681,XERC20._changeMinterLimit
DA:191,4681
DA:192,4681
DA:193,4681
DA:195,4681
DA:197,4681
DA:198,4681
FN:207,XERC20._changeBurnerLimit
FNDA:4681,XERC20._changeBurnerLimit
DA:208,4681
DA:209,4681
DA:210,4681
DA:212,4681
DA:214,4681
DA:215,4681
FN:226,XERC20._calculateNewCurrentLimit
FNDA:9362,XERC20._calculateNewCurrentLimit
DA:231,9362
DA:233,9362
BRDA:233,2,0,520
BRDA:233,2,1,522
DA:234,1042
DA:235,1042
DA:237,8320
DA:238,8320
FN:251,XERC20._getCurrentLimit
FNDA:18200,XERC20._getCurrentLimit
DA:256,18200
DA:257,18200
BRDA:257,3,0,2080
BRDA:257,3,1,-
DA:258,18200
DA:259,2080
BRDA:259,4,0,-
BRDA:259,4,1,-
DA:260,0
DA:261,2080
BRDA:261,5,0,2080
DA:262,2080
DA:263,2080
DA:264,2080
FN:275,XERC20._burnWithCaller
FNDA:1559,XERC20._burnWithCaller
DA:277,1559
DA:279,1559
BRDA:279,7,0,1559
DA:280,1559
DA:281,1559
DA:282,1301
DA:284,1301
FN:294,XERC20._mintWithCaller
FNDA:2079,XERC20._mintWithCaller
DA:296,2079
DA:298,2079
BRDA:298,10,0,2079
DA:299,2079
DA:300,2079
DA:301,1819
DA:303,1819
FNF:17
FNH:17
LF:64
LH:63
BRF:10
BRH:7
end_of_record
TN:
SF:src/xERC20/contracts/XERC20Factory.sol
FN:42,XERC20Factory.
FNDA:6,XERC20Factory.
DA:43,6
FN:52,XERC20Factory.initialize
FNDA:29,XERC20Factory.initialize
DA:53,29
DA:54,29
FN:68,XERC20Factory.deployXERC20
FNDA:32,XERC20Factory.deployXERC20
DA:76,32
DA:78,29
FN:91,XERC20Factory.deployLockbox
FNDA:25,XERC20Factory.deployLockbox
DA:95,25
BRDA:95,0,0,2
DA:96,2
DA:99,23
DA:100,22
DA:102,22
DA:104,22
FN:118,XERC20Factory._deployXERC20
FNDA:32,XERC20Factory._deployXERC20
DA:126,32
DA:127,32
BRDA:127,3,0,2
DA:128,2
DA:130,30
DA:133,30
DA:134,30
DA:136,30
DA:139,30
DA:140,30
DA:142,30
DA:144,29
DA:146,29
DA:147,0
FN:164,XERC20Factory._deployLockbox
FNDA:22,XERC20Factory._deployLockbox
DA:168,22
DA:171,22
DA:173,22
DA:176,22
DA:177,22
DA:179,22
DA:181,22
DA:182,22
DA:183,22
FNF:6
FNH:6
LF:33
LH:32
BRF:2
BRH:2
end_of_record
TN:
SF:src/xERC20/contracts/XERC20Lockbox.sol
FN:29,XERC20Lockbox.
FNDA:84,XERC20Lockbox.
DA:30,56
FN:40,XERC20Lockbox.initialize
FNDA:50,XERC20Lockbox.initialize
DA:41,50
DA:42,50
DA:43,50
FN:49,XERC20Lockbox.depositNative
FNDA:1040,XERC20Lockbox.depositNative
DA:50,1300
DA:52,1040
FN:60,XERC20Lockbox.deposit
FNDA:780,XERC20Lockbox.deposit
DA:63,520
FN:72,XERC20Lockbox.depositTo
FNDA:520,XERC20Lockbox.depositTo
DA:75,260
FN:83,XERC20Lockbox.depositNativeTo
FNDA:520,XERC20Lockbox.depositNativeTo
DA:84,520
DA:86,260
FN:94,XERC20Lockbox.withdraw
FNDA:780,XERC20Lockbox.withdraw
DA:95,780
FN:104,XERC20Lockbox.withdrawTo
FNDA:260,XERC20Lockbox.withdrawTo
DA:105,260
FN:114,XERC20Lockbox._withdraw
FNDA:1040,XERC20Lockbox._withdraw
DA:115,1040
DA:117,1040
DA:119,1040
BRDA:119,4,0,-
BRDA:119,4,1,520
DA:120,520
DA:121,520
DA:123,520
FN:133,XERC20Lockbox._deposit
FNDA:2080,XERC20Lockbox._deposit
DA:134,2080
BRDA:134,6,0,780
DA:135,780
DA:138,2080
DA:139,2080
FNF:10
FNH:10
LF:22
LH:22
BRF:3
BRH:2
end_of_record
TN:
SF:src/xERC20/contracts/XUltraLRT.sol
FN:36,XUltraLRT.
FNDA:222,XUltraLRT.
DA:37,64
FN:40,XUltraLRT.initialize
FNDA:48,XUltraLRT.initialize
DA:44,48
DA:45,48
DA:46,48
DA:48,48
DA:49,48
DA:50,48
DA:52,48
FN:55,XUltraLRT.onlyGuardian
FNDA:0,XUltraLRT.onlyGuardian
DA:56,0
BRDA:56,0,0,-
BRDA:56,0,1,-
FN:60,XUltraLRT.onlyHarvester
FNDA:2,XUltraLRT.onlyHarvester
DA:61,2
BRDA:61,1,0,-
BRDA:61,1,1,6
FN:65,XUltraLRT.setMaxPriceLag
FNDA:1,XUltraLRT.setMaxPriceLag
DA:66,1
FN:69,XUltraLRT.setMailbox
FNDA:18,XUltraLRT.setMailbox
DA:70,18
FN:73,XUltraLRT.allowTokenDeposit
FNDA:6,XUltraLRT.allowTokenDeposit
DA:74,6
FN:77,XUltraLRT.disableTokenDeposit
FNDA:1,XUltraLRT.disableTokenDeposit
DA:78,1
FN:81,XUltraLRT.setRouter
FNDA:15,XUltraLRT.setRouter
DA:82,15
FN:85,XUltraLRT.setBaseAsset
FNDA:13,XUltraLRT.setBaseAsset
DA:86,13
FN:89,XUltraLRT.handle
FNDA:14,XUltraLRT.handle
DA:91,14
BRDA:91,2,0,2
BRDA:91,2,1,12
DA:93,12
DA:95,12
BRDA:95,3,0,2
BRDA:95,3,1,9
DA:97,2
DA:98,10
BRDA:98,4,0,1
BRDA:98,4,1,9
DA:99,1
DA:100,9
BRDA:100,5,0,9
DA:101,9
FN:105,XUltraLRT.deposit
FNDA:17,XUltraLRT.deposit
DA:106,15
BRDA:106,6,0,2
BRDA:106,6,1,13
DA:107,13
BRDA:107,7,0,1
BRDA:107,7,1,12
DA:108,12
BRDA:108,8,0,1
BRDA:108,8,1,11
DA:109,11
BRDA:109,9,0,-
BRDA:109,9,1,11
DA:110,11
BRDA:110,10,0,1
BRDA:110,10,1,10
DA:113,10
DA:115,9
DA:117,9
DA:120,9
DA:123,9
DA:125,9
DA:126,9
FN:129,XUltraLRT._updatePrice
FNDA:9,XUltraLRT._updatePrice
DA:131,9
BRDA:131,11,0,8
DA:132,8
DA:133,8
FN:138,XUltraLRT.transferRemote
FNDA:2,XUltraLRT.transferRemote
DA:140,2
FN:144,XUltraLRT.transferRemote
FNDA:3,XUltraLRT.transferRemote
DA:146,3
FN:150,XUltraLRT.quoteTransferRemote
FNDA:1,XUltraLRT.quoteTransferRemote
DA:152,1
FN:156,XUltraLRT.quoteTransferRemote
FNDA:3,XUltraLRT.quoteTransferRemote
DA:158,3
FN:161,XUltraLRT._quoteTransferRemote
FNDA:4,XUltraLRT._quoteTransferRemote
DA:166,4
DA:168,4
FN:171,XUltraLRT._transferRemote
FNDA:5,XUltraLRT._transferRemote
DA:172,5
DA:175,4
DA:176,3
FN:180,XUltraLRT._getTransferRemoteMsg
FNDA:9,XUltraLRT._getTransferRemoteMsg
DA:186,9
DA:187,9
BRDA:187,12,0,1
BRDA:187,12,1,8
DA:189,8
DA:190,8
FN:197,XUltraLRT.setPriceFeed
FNDA:4,XUltraLRT.setPriceFeed
DA:198,4
BRDA:198,13,0,1
BRDA:198,13,1,3
DA:199,3
BRDA:199,14,0,1
BRDA:199,14,1,2
DA:200,2
DA:201,2
BRDA:201,15,0,1
BRDA:201,15,1,1
DA:202,1
FN:205,XUltraLRT.quotePublishTokenPrice
FNDA:3,XUltraLRT.quotePublishTokenPrice
DA:206,3
DA:208,1
FN:212,XUltraLRT.publishTokenPrice
FNDA:1,XUltraLRT.publishTokenPrice
DA:213,1
DA:215,1
FN:219,XUltraLRT._getPricePublishMessage
FNDA:4,XUltraLRT._getPricePublishMessage
DA:225,4
BRDA:225,16,0,1
BRDA:225,16,1,3
DA:226,3
DA:227,3
BRDA:227,17,0,1
BRDA:227,17,1,2
DA:229,2
DA:233,2
DA:234,2
FN:239,XUltraLRT.setSpokePool
FNDA:3,XUltraLRT.setSpokePool
DA:240,3
FN:243,XUltraLRT.setAcrossChainIdRecipient
FNDA:6,XUltraLRT.setAcrossChainIdRecipient
DA:244,6
BRDA:244,18,0,1
BRDA:244,18,1,5
DA:245,5
BRDA:245,19,0,1
BRDA:245,19,1,4
DA:246,4
FN:249,XUltraLRT.resetAcrossChainIdRecipient
FNDA:2,XUltraLRT.resetAcrossChainIdRecipient
DA:250,1
FN:253,XUltraLRT.setMaxBridgeFeeBps
FNDA:6,XUltraLRT.setMaxBridgeFeeBps
DA:254,5
BRDA:254,20,0,1
BRDA:254,20,1,4
DA:255,4
FN:258,XUltraLRT.bridgeToken
FNDA:10,XUltraLRT.bridgeToken
DA:263,10
DA:264,10
BRDA:264,21,0,1
BRDA:264,21,1,9
DA:265,9
BRDA:265,22,0,-
BRDA:265,22,1,9
DA:266,9
BRDA:266,23,0,1
BRDA:266,23,1,8
DA:267,8
BRDA:267,24,0,1
BRDA:267,24,1,7
DA:269,7
DA:271,7
BRDA:271,25,0,1
BRDA:271,25,1,6
DA:273,6
BRDA:273,26,0,1
BRDA:273,26,1,5
DA:274,5
BRDA:274,27,0,1
BRDA:274,27,1,4
DA:278,4
BRDA:278,28,0,1
BRDA:278,28,1,3
DA:283,3
DA:286,3
DA:288,3
FN:308,XUltraLRT.buyLRT
FNDA:6,XUltraLRT.buyLRT
DA:309,6
BRDA:309,29,0,1
BRDA:309,29,1,5
DA:310,5
BRDA:310,30,0,1
BRDA:310,30,1,4
DA:313,4
BRDA:313,31,0,1
BRDA:313,31,1,3
DA:316,3
DA:318,3
DA:321,3
DA:325,3
DA:327,3
DA:329,3
DA:331,3
BRDA:331,32,0,-
BRDA:331,32,1,1
DA:333,2
DA:334,2
DA:335,1
BRDA:335,33,0,-
BRDA:335,33,1,1
DA:337,1
DA:339,1
DA:340,1
DA:341,1
DA:343,1
DA:344,1
DA:346,0
DA:350,3
DA:353,3
FN:364,XUltraLRT.setBridgeFeeBps
FNDA:4,XUltraLRT.setBridgeFeeBps
DA:365,4
BRDA:365,34,0,1
BRDA:365,34,1,3
DA:366,3
FN:370,XUltraLRT.setManagementFeeBps
FNDA:4,XUltraLRT.setManagementFeeBps
DA:371,4
BRDA:371,35,0,1
BRDA:371,35,1,3
DA:372,3
FN:376,XUltraLRT.setWithdrawalFeeBps
FNDA:2,XUltraLRT.setWithdrawalFeeBps
DA:377,2
BRDA:377,36,0,1
BRDA:377,36,1,1
DA:378,1
FN:382,XUltraLRT.setPerformanceFeeBps
FNDA:2,XUltraLRT.setPerformanceFeeBps
DA:383,2
BRDA:383,37,0,1
BRDA:383,37,1,1
DA:384,1
FN:388,XUltraLRT.collectFees
FNDA:0,XUltraLRT.collectFees
DA:389,0
BRDA:389,38,0,-
BRDA:389,38,1,-
DA:390,0
DA:391,0
DA:392,0
FNF:35
FNH:33
LF:121
LH:115
BRF:76
BRH:67
end_of_record
TN:
SF:src/xERC20/contracts/XUltraLRTStorage.sol
FN:94,XUltraLRTStorage.onlyMailbox
FNDA:14,XUltraLRTStorage.onlyMailbox
DA:95,14
BRDA:95,0,0,-
BRDA:95,0,1,14
FN:99,XUltraLRTStorage.onlyRouter
FNDA:0,XUltraLRTStorage.onlyRouter
DA:100,0
BRDA:100,1,0,-
BRDA:100,1,1,-
FN:104,XUltraLRTStorage.onlyTokenDepositAllowed
FNDA:17,XUltraLRTStorage.onlyTokenDepositAllowed
DA:105,17
BRDA:105,2,0,2
BRDA:105,2,1,15
FNF:3
FNH:2
LF:3
LH:2
BRF:6
BRH:3
end_of_record
