TN:
SF:script/XUltraLRT.s.sol
FN:12,DummyXUltraLRT.freeMint
FNDA:0,DummyXUltraLRT.freeMint
DA:13,0
FN:16,DummyXUltraLRT.freeBurn
FNDA:0,DummyXUltraLRT.freeBurn
DA:17,0
FN:20,DummyXUltraLRT.setPrice
FNDA:0,DummyXUltraLRT.setPrice
DA:21,0
DA:22,0
FN:25,DummyXUltraLRT._getPricePublishMessage
FNDA:0,DummyXUltraLRT._getPricePublishMessage
DA:31,0
DA:32,0
BRDA:32,0,0,-
BRDA:32,0,1,-
DA:35,0
BRDA:35,1,0,-
BRDA:35,1,1,-
DA:37,0
DA:41,0
DA:42,0
FN:47,XUltraLRTScript._start
FNDA:0,XUltraLRTScript._start
DA:48,0
DA:49,0
DA:51,0
DA:52,0
FN:58,XUltraLRTScript.runSepolia
FNDA:0,XUltraLRTScript.runSepolia
DA:59,0
DA:61,0
DA:63,0
DA:65,0
DA:66,0
DA:68,0
DA:70,0
DA:72,0
FN:75,XUltraLRTScript.srSep
FNDA:0,XUltraLRTScript.srSep
DA:76,0
DA:77,0
DA:78,0
DA:79,0
DA:80,0
DA:81,0
FN:84,XUltraLRTScript.srSetPrice
FNDA:0,XUltraLRTScript.srSetPrice
DA:85,0
DA:87,0
DA:89,0
FN:92,XUltraLRTScript.srSetBT
FNDA:0,XUltraLRTScript.srSetBT
DA:93,0
DA:95,0
DA:97,0
DA:98,0
FN:101,XUltraLRTScript.trSep
FNDA:0,XUltraLRTScript.trSep
DA:102,0
DA:103,0
DA:104,0
DA:105,0
DA:106,0
DA:107,0
FN:110,XUltraLRTScript.gtSep
FNDA:0,XUltraLRTScript.gtSep
DA:111,0
DA:112,0
DA:113,0
FN:116,XUltraLRTScript.uplSep
FNDA:0,XUltraLRTScript.uplSep
DA:117,0
DA:118,0
DA:119,0
FN:126,XUltraLRTScript.runBSC
FNDA:0,XUltraLRTScript.runBSC
DA:127,0
DA:129,0
DA:131,0
DA:133,0
DA:134,0
DA:135,0
DA:137,0
DA:139,0
FN:142,XUltraLRTScript.srBsc
FNDA:0,XUltraLRTScript.srBsc
DA:143,0
DA:144,0
DA:145,0
DA:146,0
DA:147,0
DA:148,0
FN:151,XUltraLRTScript.setPriceBSC
FNDA:0,XUltraLRTScript.setPriceBSC
DA:152,0
DA:154,0
DA:156,0
FN:159,XUltraLRTScript.setBTBSC
FNDA:0,XUltraLRTScript.setBTBSC
DA:160,0
DA:162,0
DA:164,0
DA:165,0
FN:168,XUltraLRTScript.trBsc
FNDA:0,XUltraLRTScript.trBsc
DA:169,0
DA:170,0
DA:171,0
DA:172,0
DA:173,0
DA:174,0
FN:177,XUltraLRTScript.gtBsc
FNDA:0,XUltraLRTScript.gtBsc
DA:178,0
DA:179,0
DA:180,0
FN:187,XUltraLRTScript.deployBlast
FNDA:0,XUltraLRTScript.deployBlast
DA:188,0
DA:190,0
DA:192,0
DA:194,0
DA:195,0
DA:196,0
FN:199,XUltraLRTScript.blSetBridge
FNDA:0,XUltraLRTScript.blSetBridge
DA:200,0
DA:201,0
DA:202,0
DA:203,0
DA:205,0
DA:207,0
FN:210,XUltraLRTScript.blBAsset
FNDA:0,XUltraLRTScript.blBAsset
DA:211,0
DA:213,0
DA:220,0
FN:223,XUltraLRTScript.blTr
FNDA:0,XUltraLRTScript.blTr
DA:224,0
DA:225,0
DA:226,0
DA:228,0
DA:231,0
FN:234,XUltraLRTScript.blSSP
FNDA:0,XUltraLRTScript.blSSP
DA:235,0
DA:236,0
DA:237,0
DA:239,0
FN:245,XUltraLRTScript.blTrRemote
FNDA:0,XUltraLRTScript.blTrRemote
DA:246,0
DA:247,0
DA:248,0
DA:250,0
DA:252,0
FN:270,XUltraLRTScript.deployBaseSepolia
FNDA:0,XUltraLRTScript.deployBaseSepolia
DA:271,0
DA:273,0
DA:275,0
DA:277,0
DA:278,0
DA:279,0
DA:281,0
DA:283,0
FN:286,XUltraLRTScript.baseSetBridge
FNDA:0,XUltraLRTScript.baseSetBridge
DA:287,0
DA:288,0
DA:289,0
DA:290,0
DA:292,0
DA:294,0
FN:297,XUltraLRTScript.baseBAsset
FNDA:0,XUltraLRTScript.baseBAsset
DA:298,0
DA:300,0
DA:302,0
DA:304,0
DA:307,0
DA:309,0
FN:312,XUltraLRTScript.baseSSP
FNDA:0,XUltraLRTScript.baseSSP
DA:313,0
DA:315,0
DA:318,0
FN:321,XUltraLRTScript.baseTrRemote
FNDA:0,XUltraLRTScript.baseTrRemote
DA:322,0
DA:323,0
DA:325,0
DA:327,0
FNF:29
FNH:0
LF:133
LH:0
BRF:4
BRH:0
end_of_record
TN:
SF:src/xERC20/contracts/XERC20.sol
FN:50,XERC20.__XERC20_init
FNDA:18,XERC20.__XERC20_init
DA:54,18
DA:55,18
DA:57,18
DA:59,18
DA:60,18
FN:69,XERC20.mint
FNDA:0,XERC20.mint
DA:70,0
FN:79,XERC20.burn
FNDA:0,XERC20.burn
DA:80,0
BRDA:80,0,0,-
DA:81,0
DA:84,0
FN:92,XERC20.setLockbox
FNDA:16,XERC20.setLockbox
DA:93,16
DA:94,16
DA:96,16
FN:106,XERC20.setLimits
FNDA:0,XERC20.setLimits
DA:107,0
DA:108,0
DA:109,0
FN:118,XERC20.mintingMaxLimitOf
FNDA:0,XERC20.mintingMaxLimitOf
DA:119,0
FN:128,XERC20.burningMaxLimitOf
FNDA:0,XERC20.burningMaxLimitOf
DA:129,0
FN:138,XERC20.mintingCurrentLimitOf
FNDA:0,XERC20.mintingCurrentLimitOf
DA:139,0
FN:153,XERC20.burningCurrentLimitOf
FNDA:0,XERC20.burningCurrentLimitOf
DA:154,0
FN:167,XERC20._useMinterLimits
FNDA:0,XERC20._useMinterLimits
DA:168,0
DA:169,0
DA:170,0
FN:178,XERC20._useBurnerLimits
FNDA:0,XERC20._useBurnerLimits
DA:179,0
DA:180,0
DA:181,0
FN:190,XERC20._changeMinterLimit
FNDA:0,XERC20._changeMinterLimit
DA:191,0
DA:192,0
DA:193,0
DA:195,0
DA:197,0
DA:198,0
FN:207,XERC20._changeBurnerLimit
FNDA:0,XERC20._changeBurnerLimit
DA:208,0
DA:209,0
DA:210,0
DA:212,0
DA:214,0
DA:215,0
FN:226,XERC20._calculateNewCurrentLimit
FNDA:0,XERC20._calculateNewCurrentLimit
DA:231,0
DA:233,0
BRDA:233,2,0,-
BRDA:233,2,1,-
DA:234,0
DA:235,0
DA:237,0
DA:238,0
FN:251,XERC20._getCurrentLimit
FNDA:0,XERC20._getCurrentLimit
DA:256,0
DA:257,0
BRDA:257,3,0,-
BRDA:257,3,1,-
DA:258,0
DA:259,0
BRDA:259,4,0,-
BRDA:259,4,1,-
DA:260,0
DA:261,0
BRDA:261,5,0,-
DA:262,0
DA:263,0
DA:264,0
FN:275,XERC20._burnWithCaller
FNDA:0,XERC20._burnWithCaller
DA:277,0
DA:279,0
BRDA:279,7,0,-
DA:280,0
DA:281,0
DA:282,0
DA:284,0
FN:294,XERC20._mintWithCaller
FNDA:0,XERC20._mintWithCaller
DA:296,0
DA:298,0
BRDA:298,10,0,-
DA:299,0
DA:300,0
DA:301,0
DA:303,0
FNF:17
FNH:2
LF:64
LH:8
BRF:10
BRH:0
end_of_record
TN:
SF:src/xERC20/contracts/XERC20Factory.sol
FN:42,XERC20Factory.
FNDA:0,XERC20Factory.
DA:43,0
FN:52,XERC20Factory.initialize
FNDA:15,XERC20Factory.initialize
DA:53,15
DA:54,15
FN:68,XERC20Factory.deployXERC20
FNDA:18,XERC20Factory.deployXERC20
DA:76,18
DA:78,18
FN:91,XERC20Factory.deployLockbox
FNDA:16,XERC20Factory.deployLockbox
DA:95,16
BRDA:95,0,0,-
DA:96,0
DA:99,16
DA:100,16
DA:102,16
DA:104,16
FN:118,XERC20Factory._deployXERC20
FNDA:18,XERC20Factory._deployXERC20
DA:126,18
DA:127,18
BRDA:127,3,0,-
DA:128,0
DA:130,18
DA:133,18
DA:134,18
DA:136,18
DA:139,18
DA:140,18
DA:142,18
DA:144,18
DA:146,18
DA:147,0
FN:164,XERC20Factory._deployLockbox
FNDA:16,XERC20Factory._deployLockbox
DA:168,16
DA:171,16
DA:173,16
DA:176,16
DA:177,16
DA:179,16
DA:181,16
DA:182,16
DA:183,16
FNF:6
FNH:5
LF:33
LH:29
BRF:2
BRH:0
end_of_record
TN:
SF:src/xERC20/contracts/XERC20Lockbox.sol
FN:29,XERC20Lockbox.
FNDA:0,XERC20Lockbox.
DA:30,0
FN:40,XERC20Lockbox.initialize
FNDA:16,XERC20Lockbox.initialize
DA:41,16
DA:42,16
DA:43,16
FN:49,XERC20Lockbox.depositNative
FNDA:0,XERC20Lockbox.depositNative
DA:50,0
DA:52,0
FN:60,XERC20Lockbox.deposit
FNDA:0,XERC20Lockbox.deposit
DA:63,0
FN:72,XERC20Lockbox.depositTo
FNDA:0,XERC20Lockbox.depositTo
DA:75,0
FN:83,XERC20Lockbox.depositNativeTo
FNDA:0,XERC20Lockbox.depositNativeTo
DA:84,0
DA:86,0
FN:94,XERC20Lockbox.withdraw
FNDA:0,XERC20Lockbox.withdraw
DA:95,0
FN:104,XERC20Lockbox.withdrawTo
FNDA:0,XERC20Lockbox.withdrawTo
DA:105,0
FN:114,XERC20Lockbox._withdraw
FNDA:0,XERC20Lockbox._withdraw
DA:115,0
DA:117,0
DA:119,0
BRDA:119,4,0,-
BRDA:119,4,1,-
DA:120,0
DA:121,0
DA:123,0
FN:133,XERC20Lockbox._deposit
FNDA:0,XERC20Lockbox._deposit
DA:134,0
BRDA:134,6,0,-
DA:135,0
DA:138,0
DA:139,0
FNF:10
FNH:1
LF:22
LH:3
BRF:3
BRH:0
end_of_record
TN:
SF:src/xERC20/contracts/XUltraLRT.sol
FN:35,XUltraLRT.
FNDA:108,XUltraLRT.
DA:36,24
FN:39,XUltraLRT.initialize
FNDA:18,XUltraLRT.initialize
DA:43,18
DA:44,18
DA:45,18
DA:47,18
DA:48,18
DA:49,18
DA:51,18
FN:54,XUltraLRT.onlyGuardian
FNDA:0,XUltraLRT.onlyGuardian
DA:55,0
BRDA:55,0,0,-
BRDA:55,0,1,-
FN:59,XUltraLRT.onlyHarvester
FNDA:2,XUltraLRT.onlyHarvester
DA:60,2
BRDA:60,1,0,-
BRDA:60,1,1,6
FN:64,XUltraLRT.setMaxPriceLag
FNDA:1,XUltraLRT.setMaxPriceLag
DA:65,1
FN:68,XUltraLRT.setMailbox
FNDA:15,XUltraLRT.setMailbox
DA:69,15
FN:72,XUltraLRT.allowTokenDeposit
FNDA:4,XUltraLRT.allowTokenDeposit
DA:73,4
FN:76,XUltraLRT.disableTokenDeposit
FNDA:1,XUltraLRT.disableTokenDeposit
DA:77,1
FN:80,XUltraLRT.setRouter
FNDA:13,XUltraLRT.setRouter
DA:81,13
FN:84,XUltraLRT.setBaseAsset
FNDA:10,XUltraLRT.setBaseAsset
DA:85,10
FN:88,XUltraLRT.handle
FNDA:12,XUltraLRT.handle
DA:90,12
BRDA:90,2,0,2
BRDA:90,2,1,10
DA:92,10
DA:94,10
BRDA:94,3,0,2
BRDA:94,3,1,7
DA:96,2
DA:97,8
BRDA:97,4,0,1
BRDA:97,4,1,7
DA:98,1
DA:99,7
BRDA:99,5,0,7
DA:100,7
FN:104,XUltraLRT.deposit
FNDA:14,XUltraLRT.deposit
DA:105,12
BRDA:105,6,0,2
BRDA:105,6,1,10
DA:106,10
BRDA:106,7,0,1
BRDA:106,7,1,9
DA:107,9
BRDA:107,8,0,1
BRDA:107,8,1,8
DA:108,8
BRDA:108,9,0,-
BRDA:108,9,1,8
DA:109,8
BRDA:109,10,0,1
BRDA:109,10,1,7
DA:112,7
DA:115,6
DA:116,6
FN:119,XUltraLRT._updatePrice
FNDA:7,XUltraLRT._updatePrice
DA:121,7
BRDA:121,11,0,6
DA:122,6
DA:123,6
FN:128,XUltraLRT.transferRemote
FNDA:2,XUltraLRT.transferRemote
DA:130,2
FN:134,XUltraLRT.transferRemote
FNDA:3,XUltraLRT.transferRemote
DA:136,3
FN:140,XUltraLRT.quoteTransferRemote
FNDA:1,XUltraLRT.quoteTransferRemote
DA:142,1
FN:146,XUltraLRT.quoteTransferRemote
FNDA:3,XUltraLRT.quoteTransferRemote
DA:148,3
FN:151,XUltraLRT._quoteTransferRemote
FNDA:4,XUltraLRT._quoteTransferRemote
DA:156,4
DA:158,4
FN:161,XUltraLRT._transferRemote
FNDA:5,XUltraLRT._transferRemote
DA:162,5
DA:165,4
DA:166,3
FN:170,XUltraLRT._getTransferRemoteMsg
FNDA:9,XUltraLRT._getTransferRemoteMsg
DA:176,9
DA:177,9
BRDA:177,12,0,1
BRDA:177,12,1,8
DA:179,8
DA:180,8
FN:183,XUltraLRT.quotePublishTokenPrice
FNDA:3,XUltraLRT.quotePublishTokenPrice
DA:184,3
DA:186,1
FN:190,XUltraLRT.publishTokenPrice
FNDA:1,XUltraLRT.publishTokenPrice
DA:191,1
DA:193,1
FN:197,XUltraLRT._getPricePublishMessage
FNDA:4,XUltraLRT._getPricePublishMessage
DA:203,4
DA:204,4
BRDA:204,13,0,1
BRDA:204,13,1,3
DA:207,3
BRDA:207,14,0,1
BRDA:207,14,1,2
DA:209,2
DA:213,2
DA:214,2
FN:219,XUltraLRT.setSpokePool
FNDA:2,XUltraLRT.setSpokePool
DA:220,2
FN:223,XUltraLRT.setAcrossChainIdRecipient
FNDA:5,XUltraLRT.setAcrossChainIdRecipient
DA:224,5
BRDA:224,15,0,1
BRDA:224,15,1,4
DA:225,4
BRDA:225,16,0,1
BRDA:225,16,1,3
DA:226,3
FN:229,XUltraLRT.resetAcrossChainIdRecipient
FNDA:2,XUltraLRT.resetAcrossChainIdRecipient
DA:230,1
FN:233,XUltraLRT.setMaxBridgeFeeBps
FNDA:4,XUltraLRT.setMaxBridgeFeeBps
DA:234,3
BRDA:234,17,0,1
BRDA:234,17,1,2
DA:235,2
FN:238,XUltraLRT.bridgeToken
FNDA:7,XUltraLRT.bridgeToken
DA:243,7
DA:244,7
BRDA:244,18,0,1
BRDA:244,18,1,6
DA:245,6
BRDA:245,19,0,-
BRDA:245,19,1,6
DA:246,6
BRDA:246,20,0,1
BRDA:246,20,1,5
DA:247,5
BRDA:247,21,0,1
BRDA:247,21,1,4
DA:249,4
DA:251,4
BRDA:251,22,0,1
BRDA:251,22,1,3
DA:253,3
BRDA:253,23,0,1
BRDA:253,23,1,2
DA:254,2
BRDA:254,24,0,1
BRDA:254,24,1,1
DA:257,1
DA:259,1
FN:279,XUltraLRT.buyLRT
FNDA:6,XUltraLRT.buyLRT
DA:280,6
BRDA:280,25,0,1
BRDA:280,25,1,5
DA:281,5
BRDA:281,26,0,1
BRDA:281,26,1,4
DA:284,4
BRDA:284,27,0,1
BRDA:284,27,1,3
DA:287,3
DA:289,3
DA:292,3
DA:296,3
DA:298,3
DA:300,3
DA:302,3
BRDA:302,28,0,-
BRDA:302,28,1,1
DA:304,2
DA:305,2
DA:306,1
BRDA:306,29,0,-
BRDA:306,29,1,1
DA:308,1
DA:310,1
DA:311,1
DA:312,1
DA:314,1
DA:315,1
DA:317,0
DA:321,3
DA:324,3
FNF:29
FNH:28
LF:98
LH:96
BRF:58
BRH:51
end_of_record
TN:
SF:src/xERC20/contracts/XUltraLRTStorage.sol
FN:72,XUltraLRTStorage.onlyMailbox
FNDA:12,XUltraLRTStorage.onlyMailbox
DA:73,12
BRDA:73,0,0,-
BRDA:73,0,1,12
FN:77,XUltraLRTStorage.onlyRouter
FNDA:0,XUltraLRTStorage.onlyRouter
DA:78,0
BRDA:78,1,0,-
BRDA:78,1,1,-
FN:82,XUltraLRTStorage.onlyTokenDepositAllowed
FNDA:14,XUltraLRTStorage.onlyTokenDepositAllowed
DA:83,14
BRDA:83,2,0,2
BRDA:83,2,1,12
FNF:3
FNH:2
LF:3
LH:2
BRF:6
BRH:3
end_of_record
